make all --print-data-base --no-builtin-variables --no-builtin-rules --question
# GNU Make 4.3
# Built for x86_64-pc-linux-gnu
# Copyright (C) 1988-2020 Free Software Foundation, Inc.
# License GPLv3+: GNU GPL version 3 or later <http://gnu.org/licenses/gpl.html>
# This is free software: you are free to change and redistribute it.
# There is NO WARRANTY, to the extent permitted by law.

# Make data base, printed on Mon Jul  4 07:58:56 2022

# Variables

# environment
GDK_BACKEND = x11
# environment
LC_ALL = C
# environment
GNOME_SHELL_SESSION_MODE = pop
# environment
SSH_AGENT_LAUNCHER = gnome-keyring
# environment
GJS_DEBUG_OUTPUT = stderr
# environment
VSCODE_IPC_HOOK_EXTHOST = /run/user/1000/vscode-ipc-b6111dea-6a54-4edd-b285-c6902e2b8207.sock
# environment
VSCODE_CWD = /home/reaur
# environment
WINDOWPATH = 2
# default
MAKE_COMMAND := make
# environment
QT_ACCESSIBILITY = 1
# automatic
@D = $(patsubst %/,%,$(dir $@))
# environment
VSCODE_HANDLES_UNCAUGHT_ERRORS = true
# default
.VARIABLES := 
# environment
PWD = /home/reaur/Desktop/git/samancay
# automatic
%D = $(patsubst %/,%,$(dir $%))
# environment
XDG_DATA_DIRS = /usr/share/pop:/usr/share/gnome:/home/reaur/.local/share/flatpak/exports/share:/var/lib/flatpak/exports/share:/usr/local/share/:/usr/share/
# automatic
^D = $(patsubst %/,%,$(dir $^))
# environment
VSCODE_LOG_STACK = false
# automatic
%F = $(notdir $%)
# environment
VSCODE_CODE_CACHE_PATH = /home/reaur/.config/Code/CachedData/30d9c6cd9483b2cc586687151bcbcd635f373630
# environment
LANG = C
# environment
XAUTHORITY = /run/user/1000/gdm/Xauthority
# default
.LOADED := 
# default
.INCLUDE_DIRS = /usr/local/include /usr/include /usr/include
# makefile
MAKEFLAGS = pqrR
# makefile
CURDIR := /home/reaur/Desktop/git/samancay
# environment
VSCODE_PIPE_LOGGING = true
# environment
APPLICATION_INSIGHTS_NO_DIAGNOSTIC_CHANNEL = 1
# environment
LESSOPEN = | /usr/bin/lesspipe %s
# automatic
*D = $(patsubst %/,%,$(dir $*))
# environment
MFLAGS = -pqrR
# environment
SSH_AUTH_SOCK = /run/user/1000/keyring/ssh
# default
.SHELLFLAGS := -c
# environment
XDG_CONFIG_DIRS = /etc/xdg/xdg-pop:/etc/xdg
# automatic
+D = $(patsubst %/,%,$(dir $+))
# environment
XDG_SESSION_DESKTOP = pop
# makefile (from 'Makefile', line 1)
MAKEFILE_LIST := Makefile
# automatic
@F = $(notdir $@)
# environment
VSCODE_VERBOSE_LOGGING = true
# environment
VSCODE_PID = 3332
# environment
XDG_SESSION_TYPE = x11
# automatic
?D = $(patsubst %/,%,$(dir $?))
# makefile (from 'Makefile', line 3)
FLAGS = -g -ffreestanding -falign-jumps -falign-functions -falign-labels -falign-loops -fstrength-reduce -fomit-frame-pointer -finline-functions -Wno-unused-function -fno-builtin -Werror -Wno-unused-label -Wno-cpp -Wno-unused-parameter -nodefaultlibs -nostdlib -nostartfiles -nolibc -nodefaultlibs -Wall -O0 -Iinc
# makefile (from 'Makefile', line 2)
INCLUDES = -I./src
# environment
SESSION_MANAGER = local/pop-os:@/tmp/.ICE-unix/1819,unix/pop-os:/tmp/.ICE-unix/1819
# automatic
*F = $(notdir $*)
# environment
CHROME_DESKTOP = code-url-handler.desktop
# environment
DBUS_SESSION_BUS_ADDRESS = unix:path=/run/user/1000/bus
# automatic
<D = $(patsubst %/,%,$(dir $<))
# environment
VSCODE_NLS_CONFIG = {"locale":"en-us","availableLanguages":{},"_languagePackSupport":true}
# default
MAKE_HOST := x86_64-pc-linux-gnu
# environment
GNOME_DESKTOP_SESSION_ID = this-is-deprecated
# makefile
SHELL = /bin/sh
# default
MAKECMDGOALS := all
# environment
XMODIFIERS = @im=ibus
# environment
GJS_DEBUG_TOPICS = JS ERROR;JS LOG
# environment
SHLVL = 0
# environment
MAKELEVEL := 0
# default
MAKE = $(MAKE_COMMAND)
# environment
PATH = /home/reaur/.cargo/bin:/usr/local/sbin:/usr/local/bin:/usr/sbin:/usr/bin:/sbin:/bin:/usr/games:/usr/local/games:/snap/bin
# default
MAKEFILES := 
# automatic
^F = $(notdir $^)
# environment
INVOCATION_ID = af5e7cd541f04e16b04ad6d5ea5dcad4
# environment
VSCODE_LOG_NATIVE = false
# environment
USERNAME = reaur
# makefile (from 'Makefile', line 1)
FILES = ./build/kernel.S.o ./build/kernel.o ./build/vga.o ./build/idt.S.o ./build/idt.o ./build/memory.o ./build/heap.o ./build/kheap.o
# environment
LESSCLOSE = /usr/bin/lesspipe %s %s
# automatic
?F = $(notdir $?)
# environment
GTK_IM_MODULE = ibus
# environment
XDG_CURRENT_DESKTOP = Unity
# environment
LS_COLORS = 
# automatic
+F = $(notdir $+)
# environment
DESKTOP_SESSION = pop
# environment
ORIGINAL_XDG_CURRENT_DESKTOP = pop:GNOME
# 'override' directive
GNUMAKEFLAGS := 
# environment
LOGNAME = reaur
# environment
GIO_LAUNCHED_DESKTOP_FILE = /usr/share/applications/code.desktop
# makefile
.DEFAULT_GOAL := all
# environment
SYSTEMD_EXEC_PID = 1888
# environment
DISPLAY = :1
# environment
USER = reaur
# environment
GTK_MODULES = gail:atk-bridge:appmenu-gtk-module
# default
MAKE_VERSION := 4.3
# environment
MANAGERPID = 1400
# environment
GIO_LAUNCHED_DESKTOP_FILE_PID = 3332
# environment
_ = /usr/share/code/code
# environment
XDG_RUNTIME_DIR = /run/user/1000
# environment
GPG_AGENT_INFO = /run/user/1000/gnupg/S.gpg-agent:0:1
# environment
JOURNAL_STREAM = 8:39999
# environment
XDG_SESSION_CLASS = user
# environment
VSCODE_AMD_ENTRYPOINT = vs/workbench/api/node/extensionHostProcess
# environment
HOME = /home/reaur
# environment
QT_IM_MODULE = ibus
# environment
ELECTRON_RUN_AS_NODE = 1
# environment
VSCODE_IPC_HOOK = /run/user/1000/vscode-5aa9fa20-1.68.1-main.sock
# default
.RECIPEPREFIX := 
# automatic
<F = $(notdir $<)
# default
SUFFIXES := 
# default
.FEATURES := target-specific order-only second-expansion else-if shortest-stem undefine oneshell nocomment grouped-target extra-prereqs archives jobserver output-sync check-symlink load
# environment
XDG_MENU_PREFIX = gnome-
# environment
GDMSESSION = pop
# variable set hash-table stats:
# Load=101/1024=10%, Rehash=0, Collisions=3/135=2%

# Pattern-specific Variable Values

# No pattern-specific variable values.

# Directories

# . (device 66307, inode 27266129): 10 files, no impossibilities.

# 10 files, no impossibilities in 1 directories.

# Implicit Rules

# No implicit rules.

# Files

bin/boot.bin: src/boot/boot.S
#  Implicit rule search has not been done.
#  Implicit/static pattern stem: ''
#  File does not exist.
#  File has been updated.
#  Needs to be updated (-q is set).
# automatic
# @ := bin/boot.bin
# automatic
# * := 
# automatic
# < := src/boot/boot.S
# automatic
# + := src/boot/boot.S
# automatic
# % := 
# automatic
# ^ := src/boot/boot.S
# automatic
# ? := src/boot/boot.S
# automatic
# | := 
# variable set hash-table stats:
# Load=8/32=25%, Rehash=0, Collisions=1/11=9%
#  recipe to execute (from 'Makefile', line 13):
	nasm -f bin ./src/boot/boot.S -o ./bin/boot.bin

build/idt.o: src/idt/idt.c
#  Implicit rule search has not been done.
#  Modification time never checked.
#  File has not been updated.
#  recipe to execute (from 'Makefile', line 35):
	i686-linux-gnu-gcc $(INCLUDES) $(FLAGS) -std=gnu99 -c ./src/idt/idt.c -o ./build/idt.o

build/kheap.o: src/memory/heap/kheap.c
#  Implicit rule search has not been done.
#  Modification time never checked.
#  File has not been updated.
#  recipe to execute (from 'Makefile', line 44):
	i686-linux-gnu-gcc $(INCLUDES) $(FLAGS) -std=gnu99 -c ./src/memory/heap/kheap.c -o ./build/kheap.o

bin/kernel.bin: build/kernel.S.o build/kernel.o build/vga.o build/idt.S.o build/idt.o build/memory.o build/heap.o build/kheap.o
#  Implicit rule search has not been done.
#  Modification time never checked.
#  File has not been updated.
#  recipe to execute (from 'Makefile', line 17):
	i686-linux-gnu-ld -g $(FILES) -o ./build/kernelfull.o
	i686-linux-gnu-gcc $(FLAGS) -T ./src/linker.ld -o ./bin/kernel.bin ./build/kernelfull.o

# Not a target:
src/idt/idt.S:
#  Implicit rule search has not been done.
#  Modification time never checked.
#  File has not been updated.

build/idt.S.o: src/idt/idt.S
#  Implicit rule search has not been done.
#  Modification time never checked.
#  File has not been updated.
#  recipe to execute (from 'Makefile', line 32):
	nasm -f elf -g ./src/idt/idt.S -o ./build/idt.S.o
	

# Not a target:
src/vga/vga.c:
#  Implicit rule search has not been done.
#  Modification time never checked.
#  File has not been updated.

debug:
#  Implicit rule search has not been done.
#  Modification time never checked.
#  File has not been updated.
#  recipe to execute (from 'Makefile', line 54):
	qemu-system-i386 -hda ./bin/os.bin -S -gdb stdio

# Not a target:
Makefile:
#  Implicit rule search has been done.
#  Last modified 2022-07-04 04:27:25.888103505
#  File has been updated.
#  Successfully updated.

build/memory.o: src/memory/memory.c
#  Implicit rule search has not been done.
#  Modification time never checked.
#  File has not been updated.
#  recipe to execute (from 'Makefile', line 38):
	i686-linux-gnu-gcc $(INCLUDES) $(FLAGS) -std=gnu99 -c ./src/memory/memory.c -o ./build/memory.o	

# Not a target:
src/kernel.S:
#  Implicit rule search has not been done.
#  Modification time never checked.
#  File has not been updated.

 
clean:
#  Implicit rule search has not been done.
#  Modification time never checked.
#  File has not been updated.
#  recipe to execute (from 'Makefile', line 47):
	rm -rf ./bin/*.bin
	rm -rf ./build/*.o

# Not a target:
src/memory/heap/kheap.c:
#  Implicit rule search has not been done.
#  Modification time never checked.
#  File has not been updated.

build/kernel.o: src/kernel.c
#  Implicit rule search has not been done.
#  Modification time never checked.
#  File has not been updated.
#  recipe to execute (from 'Makefile', line 26):
	i686-linux-gnu-gcc $(INCLUDES) $(FLAGS) -std=gnu99 -c ./src/kernel.c -o ./build/kernel.o

# Not a target:
src/boot/boot.S:
#  Implicit rule search has been done.
#  Last modified 2022-07-01 07:21:31.689347896
#  File has been updated.
#  Successfully updated.

# Not a target:
src/kernel.c:
#  Implicit rule search has not been done.
#  Modification time never checked.
#  File has not been updated.

# Not a target:
.DEFAULT:
#  Implicit rule search has not been done.
#  Modification time never checked.
#  File has not been updated.

all: bin/boot.bin bin/kernel.bin
#  Command line target.
#  Implicit rule search has not been done.
#  File does not exist.
#  File has been updated.
#  Needs to be updated (-q is set).
# variable set hash-table stats:
# Load=0/32=0%, Rehash=0, Collisions=0/3=0%
#  recipe to execute (from 'Makefile', line 7):
	dd if=./bin/boot.bin >> ./bin/os.bin
	dd if=./bin/kernel.bin >> ./bin/os.bin
	dd if=/dev/zero bs=512 count=100 >> ./bin/os.bin

# Not a target:
src/memory/heap/heap.c:
#  Implicit rule search has not been done.
#  Modification time never checked.
#  File has not been updated.

run:
#  Implicit rule search has not been done.
#  Modification time never checked.
#  File has not been updated.
#  recipe to execute (from 'Makefile', line 51):
	qemu-system-x86_64 -hda ./bin/os.bin

build/heap.o: src/memory/heap/heap.c
#  Implicit rule search has not been done.
#  Modification time never checked.
#  File has not been updated.
#  recipe to execute (from 'Makefile', line 41):
	i686-linux-gnu-gcc $(INCLUDES) $(FLAGS) -std=gnu99 -c ./src/memory/heap/heap.c -o ./build/heap.o

build/vga.o: src/vga/vga.c
#  Implicit rule search has not been done.
#  Modification time never checked.
#  File has not been updated.
#  recipe to execute (from 'Makefile', line 29):
	i686-linux-gnu-gcc $(INCLUDES) $(FLAGS) -std=gnu99 -c ./src/vga/vga.c -o ./build/vga.o
	

# Not a target:
src/memory/memory.c:
#  Implicit rule search has not been done.
#  Modification time never checked.
#  File has not been updated.

build/kernel.S.o: src/kernel.S
#  Implicit rule search has not been done.
#  Modification time never checked.
#  File has not been updated.
#  recipe to execute (from 'Makefile', line 23):
	nasm -f elf -g ./src/kernel.S -o ./build/kernel.S.o

# Not a target:
.SUFFIXES:
#  Implicit rule search has not been done.
#  Modification time never checked.
#  File has not been updated.

# Not a target:
src/idt/idt.c:
#  Implicit rule search has not been done.
#  Modification time never checked.
#  File has not been updated.

# files hash-table stats:
# Load=26/1024=3%, Rehash=0, Collisions=0/67=0%
# VPATH Search Paths

# No 'vpath' search paths.

# No general ('VPATH' variable) search path.

# strcache buffers: 1 (0) / strings = 37 / storage = 421 B / avg = 11 B
# current buf: size = 8162 B / used = 421 B / count = 37 / avg = 11 B

# strcache performance: lookups = 67 / hit rate = 44%
# hash-table stats:
# Load=37/8192=0%, Rehash=0, Collisions=0/67=0%
# Finished Make data base on Mon Jul  4 07:58:56 2022

 
